mode: set
github.com/mohammad-firmansyah/celeritas/celeritas.go:42.48,50.16 3 0
github.com/mohammad-firmansyah/celeritas/celeritas.go:50.16,52.3 1 0
github.com/mohammad-firmansyah/celeritas/celeritas.go:54.2,55.16 2 0
github.com/mohammad-firmansyah/celeritas/celeritas.go:55.16,57.3 1 0
github.com/mohammad-firmansyah/celeritas/celeritas.go:60.2,61.16 2 0
github.com/mohammad-firmansyah/celeritas/celeritas.go:61.16,63.3 1 0
github.com/mohammad-firmansyah/celeritas/celeritas.go:66.2,107.12 14 0
github.com/mohammad-firmansyah/celeritas/celeritas.go:110.45,113.37 2 0
github.com/mohammad-firmansyah/celeritas/celeritas.go:113.37,116.17 2 0
github.com/mohammad-firmansyah/celeritas/celeritas.go:116.17,118.4 1 0
github.com/mohammad-firmansyah/celeritas/celeritas.go:121.2,121.12 1 0
github.com/mohammad-firmansyah/celeritas/celeritas.go:124.52,126.16 2 0
github.com/mohammad-firmansyah/celeritas/celeritas.go:126.16,128.3 1 0
github.com/mohammad-firmansyah/celeritas/celeritas.go:130.2,130.12 1 0
github.com/mohammad-firmansyah/celeritas/celeritas.go:133.63,142.2 5 0
github.com/mohammad-firmansyah/celeritas/celeritas.go:145.38,157.2 4 0
github.com/mohammad-firmansyah/celeritas/celeritas.go:159.38,168.2 2 0
github.com/mohammad-firmansyah/celeritas/helpers.go:5.60,7.49 2 0
github.com/mohammad-firmansyah/celeritas/helpers.go:7.49,9.17 2 0
github.com/mohammad-firmansyah/celeritas/helpers.go:9.17,11.4 1 0
github.com/mohammad-firmansyah/celeritas/helpers.go:14.2,14.12 1 0
github.com/mohammad-firmansyah/celeritas/helpers.go:17.61,20.24 2 0
github.com/mohammad-firmansyah/celeritas/helpers.go:20.24,22.17 2 0
github.com/mohammad-firmansyah/celeritas/helpers.go:22.17,24.4 1 0
github.com/mohammad-firmansyah/celeritas/helpers.go:26.3,26.29 1 0
github.com/mohammad-firmansyah/celeritas/helpers.go:26.29,28.4 1 0
github.com/mohammad-firmansyah/celeritas/helpers.go:31.2,31.12 1 0
github.com/mohammad-firmansyah/celeritas/middleware.go:5.65,8.2 2 0
github.com/mohammad-firmansyah/celeritas/routes.go:11.43,15.13 4 0
github.com/mohammad-firmansyah/celeritas/routes.go:15.13,17.3 1 0
github.com/mohammad-firmansyah/celeritas/routes.go:19.2,22.60 3 0
github.com/mohammad-firmansyah/celeritas/routes.go:22.60,24.3 1 0
github.com/mohammad-firmansyah/celeritas/routes.go:25.2,25.12 1 0
github.com/mohammad-firmansyah/celeritas/render/render.go:35.111,36.37 1 1
github.com/mohammad-firmansyah/celeritas/render/render.go:37.12,38.36 1 1
github.com/mohammad-firmansyah/celeritas/render/render.go:39.13,40.48 1 1
github.com/mohammad-firmansyah/celeritas/render/render.go:41.10,41.10 0 1
github.com/mohammad-firmansyah/celeritas/render/render.go:44.2,44.52 1 1
github.com/mohammad-firmansyah/celeritas/render/render.go:48.102,50.16 2 1
github.com/mohammad-firmansyah/celeritas/render/render.go:50.16,52.3 1 1
github.com/mohammad-firmansyah/celeritas/render/render.go:54.2,56.17 2 1
github.com/mohammad-firmansyah/celeritas/render/render.go:56.17,58.3 1 0
github.com/mohammad-firmansyah/celeritas/render/render.go:60.2,61.16 2 1
github.com/mohammad-firmansyah/celeritas/render/render.go:61.16,63.3 1 0
github.com/mohammad-firmansyah/celeritas/render/render.go:64.2,64.12 1 1
github.com/mohammad-firmansyah/celeritas/render/render.go:68.134,71.22 2 1
github.com/mohammad-firmansyah/celeritas/render/render.go:71.22,73.3 1 1
github.com/mohammad-firmansyah/celeritas/render/render.go:73.8,75.3 1 0
github.com/mohammad-firmansyah/celeritas/render/render.go:77.2,78.17 2 1
github.com/mohammad-firmansyah/celeritas/render/render.go:78.17,80.3 1 0
github.com/mohammad-firmansyah/celeritas/render/render.go:82.2,83.16 2 1
github.com/mohammad-firmansyah/celeritas/render/render.go:83.16,86.3 2 1
github.com/mohammad-firmansyah/celeritas/render/render.go:88.2,88.46 1 1
github.com/mohammad-firmansyah/celeritas/render/render.go:88.46,91.3 2 0
github.com/mohammad-firmansyah/celeritas/render/render.go:93.2,93.12 1 1
github.com/mohammad-firmansyah/celeritas/session/session.go:21.53,26.16 3 1
github.com/mohammad-firmansyah/celeritas/session/session.go:26.16,28.3 1 0
github.com/mohammad-firmansyah/celeritas/session/session.go:31.2,31.48 1 1
github.com/mohammad-firmansyah/celeritas/session/session.go:31.48,33.3 1 1
github.com/mohammad-firmansyah/celeritas/session/session.go:33.8,35.3 1 0
github.com/mohammad-firmansyah/celeritas/session/session.go:38.2,38.47 1 1
github.com/mohammad-firmansyah/celeritas/session/session.go:38.47,40.3 1 0
github.com/mohammad-firmansyah/celeritas/session/session.go:40.8,42.3 1 1
github.com/mohammad-firmansyah/celeritas/session/session.go:45.2,53.40 8 1
github.com/mohammad-firmansyah/celeritas/session/session.go:54.15,54.15 0 0
github.com/mohammad-firmansyah/celeritas/session/session.go:55.26,55.26 0 0
github.com/mohammad-firmansyah/celeritas/session/session.go:56.32,56.32 0 0
github.com/mohammad-firmansyah/celeritas/session/session.go:57.10,57.10 0 1
github.com/mohammad-firmansyah/celeritas/session/session.go:61.2,61.16 1 1
